[debug] [2021-01-10T08:17:42.173Z] ----------------------------------------------------------------------
[debug] [2021-01-10T08:17:42.175Z] Command:       C:\Program Files\nodejs\node.exe C:\Users\HP WORLD\AppData\Roaming\npm\node_modules\firebase-tools\lib\bin\firebase.js init
[debug] [2021-01-10T08:17:42.176Z] CLI Version:   9.1.0
[debug] [2021-01-10T08:17:42.176Z] Platform:      win32
[debug] [2021-01-10T08:17:42.176Z] Node Version:  v14.15.1
[debug] [2021-01-10T08:17:42.177Z] Time:          Sun Jan 10 2021 13:47:42 GMT+0530 (India Standard Time)
[debug] [2021-01-10T08:17:42.177Z] ----------------------------------------------------------------------
[debug] [2021-01-10T08:17:42.177Z] 
[debug] [2021-01-10T08:17:42.183Z] > command requires scopes: ["email","openid","https://www.googleapis.com/auth/cloudplatformprojects.readonly","https://www.googleapis.com/auth/firebase","https://www.googleapis.com/auth/cloud-platform"]
[debug] [2021-01-10T08:17:42.184Z] > authorizing via signed-in user
[info] 
     ######## #### ########  ######## ########     ###     ######  ########
     ##        ##  ##     ## ##       ##     ##  ##   ##  ##       ##
     ######    ##  ########  ######   ########  #########  ######  ######
     ##        ##  ##    ##  ##       ##     ## ##     ##       ## ##
     ##       #### ##     ## ######## ########  ##     ##  ######  ########

You're about to initialize a Firebase project in this directory:

  F:\React-Projects\amazon-clone

[info] 
=== Project Setup
[info] 
[info] First, let's associate this project directory with a Firebase project.
[info] You can create multiple project aliases by running firebase use --add, 
[info] but for now we'll just set up a default project.
[info] 
[debug] [2021-01-10T08:18:09.375Z] > refreshing access token with scopes: ["email","https://www.googleapis.com/auth/cloud-platform","https://www.googleapis.com/auth/cloudplatformprojects.readonly","https://www.googleapis.com/auth/firebase","openid"]
[debug] [2021-01-10T08:18:09.376Z] >>> HTTP REQUEST POST https://www.googleapis.com/oauth2/v3/token  
 <request body omitted>
[debug] [2021-01-10T08:18:10.382Z] <<< HTTP RESPONSE 200 {"cache-control":"no-cache, no-store, max-age=0, must-revalidate","expires":"Mon, 01 Jan 1990 00:00:00 GMT","pragma":"no-cache","date":"Sun, 10 Jan 2021 08:18:10 GMT","content-type":"application/json; charset=utf-8","vary":"X-Origin, Referer, Origin,Accept-Encoding","server":"scaffolding on HTTPServer2","x-xss-protection":"0","x-frame-options":"SAMEORIGIN","x-content-type-options":"nosniff","alt-svc":"h3-29=\":443\"; ma=2592000,h3-T051=\":443\"; ma=2592000,h3-Q050=\":443\"; ma=2592000,h3-Q046=\":443\"; ma=2592000,h3-Q043=\":443\"; ma=2592000,quic=\":443\"; ma=2592000; v=\"46,43\"","accept-ranges":"none","transfer-encoding":"chunked"}
[debug] [2021-01-10T08:18:10.453Z] >>> HTTP REQUEST GET https://firebase.googleapis.com/v1beta1/projects?pageSize=100  
 
[debug] [2021-01-10T08:18:11.689Z] <<< HTTP RESPONSE 200 {"content-type":"application/json; charset=UTF-8","vary":"X-Origin, Referer, Origin,Accept-Encoding","date":"Sun, 10 Jan 2021 08:18:11 GMT","server":"ESF","cache-control":"private","x-xss-protection":"0","x-frame-options":"SAMEORIGIN","x-content-type-options":"nosniff","alt-svc":"h3-29=\":443\"; ma=2592000,h3-T051=\":443\"; ma=2592000,h3-Q050=\":443\"; ma=2592000,h3-Q046=\":443\"; ma=2592000,h3-Q043=\":443\"; ma=2592000,quic=\":443\"; ma=2592000; v=\"46,43\"","accept-ranges":"none","transfer-encoding":"chunked"}
[info] i  Using project clone-96f95 (amazon-clone) 
[info] 
=== Hosting Setup
[info] 
[info] Your public directory is the folder (relative to your project directory) that
[info] will contain Hosting assets to be uploaded with firebase deploy. If you
[info] have a build process for your assets, use your build's output directory.
[info] 
[debug] [2021-01-10T08:19:55.201Z] >>> [apiv2][query] GET https://www.gstatic.com/firebasejs/releases.json [none]
[debug] [2021-01-10T08:19:55.661Z] <<< [apiv2][status] GET https://www.gstatic.com/firebasejs/releases.json 200
[debug] [2021-01-10T08:19:55.662Z] <<< [apiv2][body] GET https://www.gstatic.com/firebasejs/releases.json {"current":{"version":"8.2.2","browserURL":"https://www.gstatic.com/firebasejs/8.2.2/firebase.js","packageURL":"https://www.gstatic.com/firebasejs/8.2.2/firebase.tgz"},"live":{"version":"8.2","browserURL":"https://www.gstatic.com/firebasejs/live/8.2/firebase.js","packageURL":"https://www.gstatic.com/firebasejs/live/8.2/firebase.tgz"},"components":{"analytics":"https://www.gstatic.com/firebasejs/8.2.2/firebase-analytics.js","app":"https://www.gstatic.com/firebasejs/8.2.2/firebase-app.js","auth":"https://www.gstatic.com/firebasejs/8.2.2/firebase-auth.js","database":"https://www.gstatic.com/firebasejs/8.2.2/firebase-database.js","firestore":"https://www.gstatic.com/firebasejs/8.2.2/firebase-firestore.js","functions":"https://www.gstatic.com/firebasejs/8.2.2/firebase-functions.js","installations":"https://www.gstatic.com/firebasejs/8.2.2/firebase-installations.js","messaging":"https://www.gstatic.com/firebasejs/8.2.2/firebase-messaging.js","storage":"https://www.gstatic.com/firebasejs/8.2.2/firebase-storage.js","performance":"https://www.gstatic.com/firebasejs/8.2.2/firebase-performance.js","remote-config":"https://www.gstatic.com/firebasejs/8.2.2/firebase-remote-config.js","firestore.memory":"https://www.gstatic.com/firebasejs/8.2.2/firebase-firestore.memory.js"}}
[info] +  Wrote build/index.html 
[info] 
[info] i  Detected a .git folder at F:\React-Projects\amazon-clone 
[info] i  Authorizing with GitHub to upload your service account to a GitHub repository's secrets store. 
[info] 
[info] Visit this URL on this device to log in:
[info] https://github.com/login/oauth/authorize?client_id=89cf50f02ac6aaed3484&state=329745265&redirect_uri=http%3A%2F%2Flocalhost%3A9005&scope=read%3Auser%20repo%20public_repo
[info] 
[info] Waiting for authentication...
[debug] [2021-01-10T08:20:07.587Z] >>> HTTP REQUEST POST https://github.com/login/oauth/access_token  
 {"client_id":"89cf50f02ac6aaed3484","client_secret":"3330d14abc895d9a74d5f17cd7a00711fa2c5bf0","code":"6072d9b33f7c45e20931","redirect_uri":"http://localhost:9005","state":"329745265"}
[debug] [2021-01-10T08:20:08.326Z] <<< HTTP RESPONSE 200 {"date":"Sun, 10 Jan 2021 08:20:08 GMT","content-type":"application/json; charset=utf-8","transfer-encoding":"chunked","server":"GitHub.com","status":"200 OK","vary":"X-PJAX, Accept-Encoding, Accept, X-Requested-With, Accept-Encoding","etag":"W/\"f4af7c5967f61f0320a3e3ad59148a35\"","cache-control":"max-age=0, private, must-revalidate","strict-transport-security":"max-age=31536000; includeSubdomains; preload","x-frame-options":"deny","x-content-type-options":"nosniff","x-xss-protection":"1; mode=block","referrer-policy":"origin-when-cross-origin, strict-origin-when-cross-origin","expect-ct":"max-age=2592000, report-uri=\"https://api.github.com/_private/browser/errors\"","content-security-policy":"default-src 'none'; base-uri 'self'; block-all-mixed-content; connect-src 'self' uploads.github.com www.githubstatus.com collector.githubapp.com api.github.com github-cloud.s3.amazonaws.com github-production-repository-file-5c1aeb.s3.amazonaws.com github-production-upload-manifest-file-7fdce7.s3.amazonaws.com github-production-user-asset-6210df.s3.amazonaws.com cdn.optimizely.com logx.optimizely.com/v1/events wss://alive.github.com; font-src github.githubassets.com; form-action 'self' github.com gist.github.com; frame-ancestors 'none'; frame-src render.githubusercontent.com; img-src 'self' data: github.githubassets.com identicons.github.com collector.githubapp.com github-cloud.s3.amazonaws.com *.githubusercontent.com; manifest-src 'self'; media-src 'none'; script-src github.githubassets.com; style-src 'unsafe-inline' github.githubassets.com; worker-src github.com/socket-worker-5029ae85.js gist.github.com/socket-worker-5029ae85.js","x-github-request-id":"FE44:33B7:69BE67:874D58:5FFAB8B7"}
[debug] [2021-01-10T08:20:08.329Z] >>> [apiv2][query] GET https://api.github.com/user [none]
[debug] [2021-01-10T08:20:08.929Z] <<< [apiv2][status] GET https://api.github.com/user 200
[debug] [2021-01-10T08:20:08.930Z] <<< [apiv2][body] GET https://api.github.com/user {"login":"punesh12","id":30601775,"node_id":"MDQ6VXNlcjMwNjAxNzc1","avatar_url":"https://avatars3.githubusercontent.com/u/30601775?v=4","gravatar_id":"","url":"https://api.github.com/users/punesh12","html_url":"https://github.com/punesh12","followers_url":"https://api.github.com/users/punesh12/followers","following_url":"https://api.github.com/users/punesh12/following{/other_user}","gists_url":"https://api.github.com/users/punesh12/gists{/gist_id}","starred_url":"https://api.github.com/users/punesh12/starred{/owner}{/repo}","subscriptions_url":"https://api.github.com/users/punesh12/subscriptions","organizations_url":"https://api.github.com/users/punesh12/orgs","repos_url":"https://api.github.com/users/punesh12/repos","events_url":"https://api.github.com/users/punesh12/events{/privacy}","received_events_url":"https://api.github.com/users/punesh12/received_events","type":"User","site_admin":false,"name":null,"company":null,"blog":"","location":null,"email":null,"hireable":null,"bio":null,"twitter_username":null,"public_repos":7,"public_gists":0,"followers":0,"following":0,"created_at":"2017-07-31T16:50:38Z","updated_at":"2021-01-10T08:20:01Z","private_gists":0,"total_private_repos":0,"owned_private_repos":0,"disk_usage":9369,"collaborators":0,"two_factor_authentication":false,"plan":{"name":"free","space":976562499,"collaborators":0,"private_repos":10000}}
[info] 
[info] +  Success! Logged into GitHub as punesh12 
[info] 
[debug] [2021-01-10T08:23:17.890Z] >>> [apiv2][query] GET https://api.github.com/repos/amazon-clone/actions/secrets/public-key type=owner
[debug] [2021-01-10T08:23:26.227Z] >>> [apiv2][query] GET https://api.github.com/repos//actions/secrets/public-key type=owner
[debug] [2021-01-10T08:23:28.194Z] <<< [apiv2][status] GET https://api.github.com/repos/amazon-clone/actions/secrets/public-key 404
[debug] [2021-01-10T08:23:28.195Z] <<< [apiv2][body] GET https://api.github.com/repos/amazon-clone/actions/secrets/public-key {"message":"Not Found","documentation_url":"https://docs.github.com/rest"}
[debug] [2021-01-10T08:23:34.608Z] >>> [apiv2][query] GET https://api.github.com/repos/amazon-clone/actions/secrets/public-key type=owner
[debug] [2021-01-10T08:23:47.297Z] <<< [apiv2][status] GET https://api.github.com/repos/amazon-clone/actions/secrets/public-key 404
[debug] [2021-01-10T08:23:47.298Z] <<< [apiv2][body] GET https://api.github.com/repos/amazon-clone/actions/secrets/public-key {"message":"Not Found","documentation_url":"https://docs.github.com/rest"}
[debug] [2021-01-10T08:23:56.239Z] >>> [apiv2][query] GET https://api.github.com/repos/Amazon-clone/actions/secrets/public-key type=owner
[debug] [2021-01-10T08:24:01.958Z] <<< [apiv2][status] GET https://api.github.com/repos/Amazon-clone/actions/secrets/public-key 404
[debug] [2021-01-10T08:24:01.959Z] <<< [apiv2][body] GET https://api.github.com/repos/Amazon-clone/actions/secrets/public-key {"message":"Not Found","documentation_url":"https://docs.github.com/rest"}
[debug] [2021-01-10T08:24:17.267Z] <<< [apiv2][status] GET https://api.github.com/repos//actions/secrets/public-key 404
[debug] [2021-01-10T08:24:17.268Z] <<< [apiv2][body] GET https://api.github.com/repos//actions/secrets/public-key {"message":"Not Found","documentation_url":"https://docs.github.com/rest"}
